<?xml version="1.0" encoding="UTF-8"?>
<testng-results ignored="0" total="1" passed="1" failed="0" skipped="0">
  <reporter-output>
  </reporter-output>
  <suite started-at="2022-06-28T17:58:06 IST" name="Default suite" finished-at="2022-06-28T17:58:07 IST" duration-ms="1752">
    <groups>
    </groups>
    <test started-at="2022-06-28T17:58:06 IST" name="Default test" finished-at="2022-06-28T17:58:07 IST" duration-ms="1752">
      <class name="rest.assured.api.FirstProgram">
        <test-method signature="test()[pri:0, instance:rest.assured.api.FirstProgram@a3d8174]" started-at="2022-06-28T17:58:06 IST" name="test" finished-at="2022-06-28T17:58:07 IST" duration-ms="1716" status="PASS">
          <reporter-output>
          </reporter-output>
        </test-method> <!-- test -->
      </class> <!-- rest.assured.api.FirstProgram -->
    </test> <!-- Default test -->
  </suite> <!-- Default suite -->
</testng-results>
